Started GET "/" for 127.0.0.1 at 2021-08-04 20:59:24 +0200
  
ActiveRecord::ConnectionNotEstablished (Unknown server host 'mysql' (-2)):
  
activerecord (6.1.1) lib/active_record/connection_adapters/mysql2_adapter.rb:45:in `rescue in new_client'
activerecord (6.1.1) lib/active_record/connection_adapters/mysql2_adapter.rb:39:in `new_client'
activerecord (6.1.1) lib/active_record/connection_adapters/mysql2_adapter.rb:23:in `mysql2_connection'
activerecord (6.1.1) lib/active_record/connection_adapters/abstract/connection_pool.rb:882:in `public_send'
activerecord (6.1.1) lib/active_record/connection_adapters/abstract/connection_pool.rb:882:in `new_connection'
activerecord (6.1.1) lib/active_record/connection_adapters/abstract/connection_pool.rb:926:in `checkout_new_connection'
activerecord (6.1.1) lib/active_record/connection_adapters/abstract/connection_pool.rb:905:in `try_to_checkout_new_connection'
activerecord (6.1.1) lib/active_record/connection_adapters/abstract/connection_pool.rb:866:in `acquire_connection'
activerecord (6.1.1) lib/active_record/connection_adapters/abstract/connection_pool.rb:588:in `checkout'
activerecord (6.1.1) lib/active_record/connection_adapters/abstract/connection_pool.rb:428:in `connection'
activerecord (6.1.1) lib/active_record/connection_adapters/abstract/connection_pool.rb:1128:in `retrieve_connection'
activerecord (6.1.1) lib/active_record/connection_handling.rb:319:in `retrieve_connection'
activerecord (6.1.1) lib/active_record/connection_handling.rb:275:in `connection'
activerecord (6.1.1) lib/active_record/migration.rb:611:in `connection'
activerecord (6.1.1) lib/active_record/migration.rb:606:in `build_watcher'
activerecord (6.1.1) lib/active_record/migration.rb:588:in `block in call'
activerecord (6.1.1) lib/active_record/migration.rb:587:in `synchronize'
activerecord (6.1.1) lib/active_record/migration.rb:587:in `call'
actionpack (6.1.1) lib/action_dispatch/middleware/callbacks.rb:27:in `block in call'
activesupport (6.1.1) lib/active_support/callbacks.rb:98:in `run_callbacks'
actionpack (6.1.1) lib/action_dispatch/middleware/callbacks.rb:26:in `call'
actionpack (6.1.1) lib/action_dispatch/middleware/executor.rb:14:in `call'
actionpack (6.1.1) lib/action_dispatch/middleware/actionable_exceptions.rb:18:in `call'
actionpack (6.1.1) lib/action_dispatch/middleware/debug_exceptions.rb:29:in `call'
actionpack (6.1.1) lib/action_dispatch/middleware/show_exceptions.rb:33:in `call'
railties (6.1.1) lib/rails/rack/logger.rb:37:in `call_app'
railties (6.1.1) lib/rails/rack/logger.rb:26:in `block in call'
activesupport (6.1.1) lib/active_support/tagged_logging.rb:99:in `block in tagged'
activesupport (6.1.1) lib/active_support/tagged_logging.rb:37:in `tagged'
activesupport (6.1.1) lib/active_support/tagged_logging.rb:99:in `tagged'
railties (6.1.1) lib/rails/rack/logger.rb:26:in `call'
actionpack (6.1.1) lib/action_dispatch/middleware/remote_ip.rb:81:in `call'
actionpack (6.1.1) lib/action_dispatch/middleware/request_id.rb:26:in `call'
rack (2.2.3) lib/rack/runtime.rb:22:in `call'
activesupport (6.1.1) lib/active_support/cache/strategy/local_cache_middleware.rb:29:in `call'
actionpack (6.1.1) lib/action_dispatch/middleware/executor.rb:14:in `call'
actionpack (6.1.1) lib/action_dispatch/middleware/static.rb:24:in `call'
rack (2.2.3) lib/rack/sendfile.rb:110:in `call'
actionpack (6.1.1) lib/action_dispatch/middleware/host_authorization.rb:92:in `call'
railties (6.1.1) lib/rails/engine.rb:539:in `call'
puma (5.2.0) lib/puma/configuration.rb:247:in `call'
puma (5.2.0) lib/puma/request.rb:76:in `block in handle_request'
puma (5.2.0) lib/puma/thread_pool.rb:337:in `with_force_shutdown'
puma (5.2.0) lib/puma/request.rb:75:in `handle_request'
puma (5.2.0) lib/puma/server.rb:432:in `process_client'
puma (5.2.0) lib/puma/thread_pool.rb:145:in `block in spawn_thread'
Started GET "/favicon.ico" for 127.0.0.1 at 2021-08-04 20:59:29 +0200
  
ActiveRecord::ConnectionNotEstablished (Unknown server host 'mysql' (-2)):
  
activerecord (6.1.1) lib/active_record/connection_adapters/mysql2_adapter.rb:45:in `rescue in new_client'
activerecord (6.1.1) lib/active_record/connection_adapters/mysql2_adapter.rb:39:in `new_client'
activerecord (6.1.1) lib/active_record/connection_adapters/mysql2_adapter.rb:23:in `mysql2_connection'
activerecord (6.1.1) lib/active_record/connection_adapters/abstract/connection_pool.rb:882:in `public_send'
activerecord (6.1.1) lib/active_record/connection_adapters/abstract/connection_pool.rb:882:in `new_connection'
activerecord (6.1.1) lib/active_record/connection_adapters/abstract/connection_pool.rb:926:in `checkout_new_connection'
activerecord (6.1.1) lib/active_record/connection_adapters/abstract/connection_pool.rb:905:in `try_to_checkout_new_connection'
activerecord (6.1.1) lib/active_record/connection_adapters/abstract/connection_pool.rb:866:in `acquire_connection'
activerecord (6.1.1) lib/active_record/connection_adapters/abstract/connection_pool.rb:588:in `checkout'
activerecord (6.1.1) lib/active_record/connection_adapters/abstract/connection_pool.rb:428:in `connection'
activerecord (6.1.1) lib/active_record/connection_adapters/abstract/connection_pool.rb:1128:in `retrieve_connection'
activerecord (6.1.1) lib/active_record/connection_handling.rb:319:in `retrieve_connection'
activerecord (6.1.1) lib/active_record/connection_handling.rb:275:in `connection'
activerecord (6.1.1) lib/active_record/migration.rb:611:in `connection'
activerecord (6.1.1) lib/active_record/migration.rb:606:in `build_watcher'
activerecord (6.1.1) lib/active_record/migration.rb:588:in `block in call'
activerecord (6.1.1) lib/active_record/migration.rb:587:in `synchronize'
activerecord (6.1.1) lib/active_record/migration.rb:587:in `call'
actionpack (6.1.1) lib/action_dispatch/middleware/callbacks.rb:27:in `block in call'
activesupport (6.1.1) lib/active_support/callbacks.rb:98:in `run_callbacks'
actionpack (6.1.1) lib/action_dispatch/middleware/callbacks.rb:26:in `call'
actionpack (6.1.1) lib/action_dispatch/middleware/executor.rb:14:in `call'
actionpack (6.1.1) lib/action_dispatch/middleware/actionable_exceptions.rb:18:in `call'
actionpack (6.1.1) lib/action_dispatch/middleware/debug_exceptions.rb:29:in `call'
actionpack (6.1.1) lib/action_dispatch/middleware/show_exceptions.rb:33:in `call'
railties (6.1.1) lib/rails/rack/logger.rb:37:in `call_app'
railties (6.1.1) lib/rails/rack/logger.rb:26:in `block in call'
activesupport (6.1.1) lib/active_support/tagged_logging.rb:99:in `block in tagged'
activesupport (6.1.1) lib/active_support/tagged_logging.rb:37:in `tagged'
activesupport (6.1.1) lib/active_support/tagged_logging.rb:99:in `tagged'
railties (6.1.1) lib/rails/rack/logger.rb:26:in `call'
actionpack (6.1.1) lib/action_dispatch/middleware/remote_ip.rb:81:in `call'
actionpack (6.1.1) lib/action_dispatch/middleware/request_id.rb:26:in `call'
rack (2.2.3) lib/rack/runtime.rb:22:in `call'
activesupport (6.1.1) lib/active_support/cache/strategy/local_cache_middleware.rb:29:in `call'
actionpack (6.1.1) lib/action_dispatch/middleware/executor.rb:14:in `call'
actionpack (6.1.1) lib/action_dispatch/middleware/static.rb:24:in `call'
rack (2.2.3) lib/rack/sendfile.rb:110:in `call'
actionpack (6.1.1) lib/action_dispatch/middleware/host_authorization.rb:92:in `call'
railties (6.1.1) lib/rails/engine.rb:539:in `call'
puma (5.2.0) lib/puma/configuration.rb:247:in `call'
puma (5.2.0) lib/puma/request.rb:76:in `block in handle_request'
puma (5.2.0) lib/puma/thread_pool.rb:337:in `with_force_shutdown'
puma (5.2.0) lib/puma/request.rb:75:in `handle_request'
puma (5.2.0) lib/puma/server.rb:432:in `process_client'
puma (5.2.0) lib/puma/thread_pool.rb:145:in `block in spawn_thread'
Started GET "/" for 172.18.0.1 at 2021-08-06 07:54:58 +0000
  
ActiveRecord::NoDatabaseError (Unknown database 'staffomatic_user_management_development'):
  
activerecord (6.1.4) lib/active_record/connection_adapters/mysql2_adapter.rb:43:in `rescue in new_client'
activerecord (6.1.4) lib/active_record/connection_adapters/mysql2_adapter.rb:39:in `new_client'
activerecord (6.1.4) lib/active_record/connection_adapters/mysql2_adapter.rb:23:in `mysql2_connection'
activerecord (6.1.4) lib/active_record/connection_adapters/abstract/connection_pool.rb:882:in `public_send'
activerecord (6.1.4) lib/active_record/connection_adapters/abstract/connection_pool.rb:882:in `new_connection'
activerecord (6.1.4) lib/active_record/connection_adapters/abstract/connection_pool.rb:926:in `checkout_new_connection'
activerecord (6.1.4) lib/active_record/connection_adapters/abstract/connection_pool.rb:905:in `try_to_checkout_new_connection'
activerecord (6.1.4) lib/active_record/connection_adapters/abstract/connection_pool.rb:866:in `acquire_connection'
activerecord (6.1.4) lib/active_record/connection_adapters/abstract/connection_pool.rb:588:in `checkout'
activerecord (6.1.4) lib/active_record/connection_adapters/abstract/connection_pool.rb:428:in `connection'
activerecord (6.1.4) lib/active_record/connection_adapters/abstract/connection_pool.rb:1128:in `retrieve_connection'
activerecord (6.1.4) lib/active_record/connection_handling.rb:327:in `retrieve_connection'
activerecord (6.1.4) lib/active_record/connection_handling.rb:283:in `connection'
activerecord (6.1.4) lib/active_record/migration.rb:611:in `connection'
activerecord (6.1.4) lib/active_record/migration.rb:606:in `build_watcher'
activerecord (6.1.4) lib/active_record/migration.rb:588:in `block in call'
activerecord (6.1.4) lib/active_record/migration.rb:587:in `synchronize'
activerecord (6.1.4) lib/active_record/migration.rb:587:in `call'
actionpack (6.1.4) lib/action_dispatch/middleware/callbacks.rb:27:in `block in call'
activesupport (6.1.4) lib/active_support/callbacks.rb:98:in `run_callbacks'
actionpack (6.1.4) lib/action_dispatch/middleware/callbacks.rb:26:in `call'
actionpack (6.1.4) lib/action_dispatch/middleware/executor.rb:14:in `call'
actionpack (6.1.4) lib/action_dispatch/middleware/actionable_exceptions.rb:18:in `call'
actionpack (6.1.4) lib/action_dispatch/middleware/debug_exceptions.rb:29:in `call'
actionpack (6.1.4) lib/action_dispatch/middleware/show_exceptions.rb:33:in `call'
railties (6.1.4) lib/rails/rack/logger.rb:37:in `call_app'
railties (6.1.4) lib/rails/rack/logger.rb:26:in `block in call'
activesupport (6.1.4) lib/active_support/tagged_logging.rb:99:in `block in tagged'
activesupport (6.1.4) lib/active_support/tagged_logging.rb:37:in `tagged'
activesupport (6.1.4) lib/active_support/tagged_logging.rb:99:in `tagged'
railties (6.1.4) lib/rails/rack/logger.rb:26:in `call'
actionpack (6.1.4) lib/action_dispatch/middleware/remote_ip.rb:81:in `call'
actionpack (6.1.4) lib/action_dispatch/middleware/request_id.rb:26:in `call'
rack (2.2.3) lib/rack/runtime.rb:22:in `call'
activesupport (6.1.4) lib/active_support/cache/strategy/local_cache_middleware.rb:29:in `call'
actionpack (6.1.4) lib/action_dispatch/middleware/executor.rb:14:in `call'
actionpack (6.1.4) lib/action_dispatch/middleware/static.rb:24:in `call'
rack (2.2.3) lib/rack/sendfile.rb:110:in `call'
actionpack (6.1.4) lib/action_dispatch/middleware/host_authorization.rb:92:in `call'
railties (6.1.4) lib/rails/engine.rb:539:in `call'
puma (5.4.0) lib/puma/configuration.rb:249:in `call'
puma (5.4.0) lib/puma/request.rb:77:in `block in handle_request'
puma (5.4.0) lib/puma/thread_pool.rb:340:in `with_force_shutdown'
puma (5.4.0) lib/puma/request.rb:76:in `handle_request'
puma (5.4.0) lib/puma/server.rb:440:in `process_client'
puma (5.4.0) lib/puma/thread_pool.rb:147:in `block in spawn_thread'
Started GET "/favicon.ico" for 172.18.0.1 at 2021-08-06 07:55:02 +0000
  
ActiveRecord::NoDatabaseError (Unknown database 'staffomatic_user_management_development'):
  
activerecord (6.1.4) lib/active_record/connection_adapters/mysql2_adapter.rb:43:in `rescue in new_client'
activerecord (6.1.4) lib/active_record/connection_adapters/mysql2_adapter.rb:39:in `new_client'
activerecord (6.1.4) lib/active_record/connection_adapters/mysql2_adapter.rb:23:in `mysql2_connection'
activerecord (6.1.4) lib/active_record/connection_adapters/abstract/connection_pool.rb:882:in `public_send'
activerecord (6.1.4) lib/active_record/connection_adapters/abstract/connection_pool.rb:882:in `new_connection'
activerecord (6.1.4) lib/active_record/connection_adapters/abstract/connection_pool.rb:926:in `checkout_new_connection'
activerecord (6.1.4) lib/active_record/connection_adapters/abstract/connection_pool.rb:905:in `try_to_checkout_new_connection'
activerecord (6.1.4) lib/active_record/connection_adapters/abstract/connection_pool.rb:866:in `acquire_connection'
activerecord (6.1.4) lib/active_record/connection_adapters/abstract/connection_pool.rb:588:in `checkout'
activerecord (6.1.4) lib/active_record/connection_adapters/abstract/connection_pool.rb:428:in `connection'
activerecord (6.1.4) lib/active_record/connection_adapters/abstract/connection_pool.rb:1128:in `retrieve_connection'
activerecord (6.1.4) lib/active_record/connection_handling.rb:327:in `retrieve_connection'
activerecord (6.1.4) lib/active_record/connection_handling.rb:283:in `connection'
activerecord (6.1.4) lib/active_record/migration.rb:611:in `connection'
activerecord (6.1.4) lib/active_record/migration.rb:606:in `build_watcher'
activerecord (6.1.4) lib/active_record/migration.rb:588:in `block in call'
activerecord (6.1.4) lib/active_record/migration.rb:587:in `synchronize'
activerecord (6.1.4) lib/active_record/migration.rb:587:in `call'
actionpack (6.1.4) lib/action_dispatch/middleware/callbacks.rb:27:in `block in call'
activesupport (6.1.4) lib/active_support/callbacks.rb:98:in `run_callbacks'
actionpack (6.1.4) lib/action_dispatch/middleware/callbacks.rb:26:in `call'
actionpack (6.1.4) lib/action_dispatch/middleware/executor.rb:14:in `call'
actionpack (6.1.4) lib/action_dispatch/middleware/actionable_exceptions.rb:18:in `call'
actionpack (6.1.4) lib/action_dispatch/middleware/debug_exceptions.rb:29:in `call'
actionpack (6.1.4) lib/action_dispatch/middleware/show_exceptions.rb:33:in `call'
railties (6.1.4) lib/rails/rack/logger.rb:37:in `call_app'
railties (6.1.4) lib/rails/rack/logger.rb:26:in `block in call'
activesupport (6.1.4) lib/active_support/tagged_logging.rb:99:in `block in tagged'
activesupport (6.1.4) lib/active_support/tagged_logging.rb:37:in `tagged'
activesupport (6.1.4) lib/active_support/tagged_logging.rb:99:in `tagged'
railties (6.1.4) lib/rails/rack/logger.rb:26:in `call'
actionpack (6.1.4) lib/action_dispatch/middleware/remote_ip.rb:81:in `call'
actionpack (6.1.4) lib/action_dispatch/middleware/request_id.rb:26:in `call'
rack (2.2.3) lib/rack/runtime.rb:22:in `call'
activesupport (6.1.4) lib/active_support/cache/strategy/local_cache_middleware.rb:29:in `call'
actionpack (6.1.4) lib/action_dispatch/middleware/executor.rb:14:in `call'
actionpack (6.1.4) lib/action_dispatch/middleware/static.rb:24:in `call'
rack (2.2.3) lib/rack/sendfile.rb:110:in `call'
actionpack (6.1.4) lib/action_dispatch/middleware/host_authorization.rb:92:in `call'
railties (6.1.4) lib/rails/engine.rb:539:in `call'
puma (5.4.0) lib/puma/configuration.rb:249:in `call'
puma (5.4.0) lib/puma/request.rb:77:in `block in handle_request'
puma (5.4.0) lib/puma/thread_pool.rb:340:in `with_force_shutdown'
puma (5.4.0) lib/puma/request.rb:76:in `handle_request'
puma (5.4.0) lib/puma/server.rb:440:in `process_client'
puma (5.4.0) lib/puma/thread_pool.rb:147:in `block in spawn_thread'
Started GET "/" for 172.18.0.1 at 2021-08-06 07:55:27 +0000
  
ActiveRecord::NoDatabaseError (Unknown database 'staffomatic_user_management_development'):
  
activerecord (6.1.4) lib/active_record/connection_adapters/mysql2_adapter.rb:43:in `rescue in new_client'
activerecord (6.1.4) lib/active_record/connection_adapters/mysql2_adapter.rb:39:in `new_client'
activerecord (6.1.4) lib/active_record/connection_adapters/mysql2_adapter.rb:23:in `mysql2_connection'
activerecord (6.1.4) lib/active_record/connection_adapters/abstract/connection_pool.rb:882:in `public_send'
activerecord (6.1.4) lib/active_record/connection_adapters/abstract/connection_pool.rb:882:in `new_connection'
activerecord (6.1.4) lib/active_record/connection_adapters/abstract/connection_pool.rb:926:in `checkout_new_connection'
activerecord (6.1.4) lib/active_record/connection_adapters/abstract/connection_pool.rb:905:in `try_to_checkout_new_connection'
activerecord (6.1.4) lib/active_record/connection_adapters/abstract/connection_pool.rb:866:in `acquire_connection'
activerecord (6.1.4) lib/active_record/connection_adapters/abstract/connection_pool.rb:588:in `checkout'
activerecord (6.1.4) lib/active_record/connection_adapters/abstract/connection_pool.rb:428:in `connection'
activerecord (6.1.4) lib/active_record/connection_adapters/abstract/connection_pool.rb:1128:in `retrieve_connection'
activerecord (6.1.4) lib/active_record/connection_handling.rb:327:in `retrieve_connection'
activerecord (6.1.4) lib/active_record/connection_handling.rb:283:in `connection'
activerecord (6.1.4) lib/active_record/migration.rb:611:in `connection'
activerecord (6.1.4) lib/active_record/migration.rb:606:in `build_watcher'
activerecord (6.1.4) lib/active_record/migration.rb:588:in `block in call'
activerecord (6.1.4) lib/active_record/migration.rb:587:in `synchronize'
activerecord (6.1.4) lib/active_record/migration.rb:587:in `call'
actionpack (6.1.4) lib/action_dispatch/middleware/callbacks.rb:27:in `block in call'
activesupport (6.1.4) lib/active_support/callbacks.rb:98:in `run_callbacks'
actionpack (6.1.4) lib/action_dispatch/middleware/callbacks.rb:26:in `call'
actionpack (6.1.4) lib/action_dispatch/middleware/executor.rb:14:in `call'
actionpack (6.1.4) lib/action_dispatch/middleware/actionable_exceptions.rb:18:in `call'
actionpack (6.1.4) lib/action_dispatch/middleware/debug_exceptions.rb:29:in `call'
actionpack (6.1.4) lib/action_dispatch/middleware/show_exceptions.rb:33:in `call'
railties (6.1.4) lib/rails/rack/logger.rb:37:in `call_app'
railties (6.1.4) lib/rails/rack/logger.rb:26:in `block in call'
activesupport (6.1.4) lib/active_support/tagged_logging.rb:99:in `block in tagged'
activesupport (6.1.4) lib/active_support/tagged_logging.rb:37:in `tagged'
activesupport (6.1.4) lib/active_support/tagged_logging.rb:99:in `tagged'
railties (6.1.4) lib/rails/rack/logger.rb:26:in `call'
actionpack (6.1.4) lib/action_dispatch/middleware/remote_ip.rb:81:in `call'
actionpack (6.1.4) lib/action_dispatch/middleware/request_id.rb:26:in `call'
rack (2.2.3) lib/rack/runtime.rb:22:in `call'
activesupport (6.1.4) lib/active_support/cache/strategy/local_cache_middleware.rb:29:in `call'
actionpack (6.1.4) lib/action_dispatch/middleware/executor.rb:14:in `call'
actionpack (6.1.4) lib/action_dispatch/middleware/static.rb:24:in `call'
rack (2.2.3) lib/rack/sendfile.rb:110:in `call'
actionpack (6.1.4) lib/action_dispatch/middleware/host_authorization.rb:92:in `call'
railties (6.1.4) lib/rails/engine.rb:539:in `call'
puma (5.4.0) lib/puma/configuration.rb:249:in `call'
puma (5.4.0) lib/puma/request.rb:77:in `block in handle_request'
puma (5.4.0) lib/puma/thread_pool.rb:340:in `with_force_shutdown'
puma (5.4.0) lib/puma/request.rb:76:in `handle_request'
puma (5.4.0) lib/puma/server.rb:440:in `process_client'
puma (5.4.0) lib/puma/thread_pool.rb:147:in `block in spawn_thread'
Started GET "/favicon.ico" for 172.18.0.1 at 2021-08-06 07:55:32 +0000
  
ActiveRecord::NoDatabaseError (Unknown database 'staffomatic_user_management_development'):
  
activerecord (6.1.4) lib/active_record/connection_adapters/mysql2_adapter.rb:43:in `rescue in new_client'
activerecord (6.1.4) lib/active_record/connection_adapters/mysql2_adapter.rb:39:in `new_client'
activerecord (6.1.4) lib/active_record/connection_adapters/mysql2_adapter.rb:23:in `mysql2_connection'
activerecord (6.1.4) lib/active_record/connection_adapters/abstract/connection_pool.rb:882:in `public_send'
activerecord (6.1.4) lib/active_record/connection_adapters/abstract/connection_pool.rb:882:in `new_connection'
activerecord (6.1.4) lib/active_record/connection_adapters/abstract/connection_pool.rb:926:in `checkout_new_connection'
activerecord (6.1.4) lib/active_record/connection_adapters/abstract/connection_pool.rb:905:in `try_to_checkout_new_connection'
activerecord (6.1.4) lib/active_record/connection_adapters/abstract/connection_pool.rb:866:in `acquire_connection'
activerecord (6.1.4) lib/active_record/connection_adapters/abstract/connection_pool.rb:588:in `checkout'
activerecord (6.1.4) lib/active_record/connection_adapters/abstract/connection_pool.rb:428:in `connection'
activerecord (6.1.4) lib/active_record/connection_adapters/abstract/connection_pool.rb:1128:in `retrieve_connection'
activerecord (6.1.4) lib/active_record/connection_handling.rb:327:in `retrieve_connection'
activerecord (6.1.4) lib/active_record/connection_handling.rb:283:in `connection'
activerecord (6.1.4) lib/active_record/migration.rb:611:in `connection'
activerecord (6.1.4) lib/active_record/migration.rb:606:in `build_watcher'
activerecord (6.1.4) lib/active_record/migration.rb:588:in `block in call'
activerecord (6.1.4) lib/active_record/migration.rb:587:in `synchronize'
activerecord (6.1.4) lib/active_record/migration.rb:587:in `call'
actionpack (6.1.4) lib/action_dispatch/middleware/callbacks.rb:27:in `block in call'
activesupport (6.1.4) lib/active_support/callbacks.rb:98:in `run_callbacks'
actionpack (6.1.4) lib/action_dispatch/middleware/callbacks.rb:26:in `call'
actionpack (6.1.4) lib/action_dispatch/middleware/executor.rb:14:in `call'
actionpack (6.1.4) lib/action_dispatch/middleware/actionable_exceptions.rb:18:in `call'
actionpack (6.1.4) lib/action_dispatch/middleware/debug_exceptions.rb:29:in `call'
actionpack (6.1.4) lib/action_dispatch/middleware/show_exceptions.rb:33:in `call'
railties (6.1.4) lib/rails/rack/logger.rb:37:in `call_app'
railties (6.1.4) lib/rails/rack/logger.rb:26:in `block in call'
activesupport (6.1.4) lib/active_support/tagged_logging.rb:99:in `block in tagged'
activesupport (6.1.4) lib/active_support/tagged_logging.rb:37:in `tagged'
activesupport (6.1.4) lib/active_support/tagged_logging.rb:99:in `tagged'
railties (6.1.4) lib/rails/rack/logger.rb:26:in `call'
actionpack (6.1.4) lib/action_dispatch/middleware/remote_ip.rb:81:in `call'
actionpack (6.1.4) lib/action_dispatch/middleware/request_id.rb:26:in `call'
rack (2.2.3) lib/rack/runtime.rb:22:in `call'
activesupport (6.1.4) lib/active_support/cache/strategy/local_cache_middleware.rb:29:in `call'
actionpack (6.1.4) lib/action_dispatch/middleware/executor.rb:14:in `call'
actionpack (6.1.4) lib/action_dispatch/middleware/static.rb:24:in `call'
rack (2.2.3) lib/rack/sendfile.rb:110:in `call'
actionpack (6.1.4) lib/action_dispatch/middleware/host_authorization.rb:92:in `call'
railties (6.1.4) lib/rails/engine.rb:539:in `call'
puma (5.4.0) lib/puma/configuration.rb:249:in `call'
puma (5.4.0) lib/puma/request.rb:77:in `block in handle_request'
puma (5.4.0) lib/puma/thread_pool.rb:340:in `with_force_shutdown'
puma (5.4.0) lib/puma/request.rb:76:in `handle_request'
puma (5.4.0) lib/puma/server.rb:440:in `process_client'
puma (5.4.0) lib/puma/thread_pool.rb:147:in `block in spawn_thread'
  [1m[35m (0.4ms)[0m  [1m[35mCREATE DATABASE `staffomatic_user_management_development` DEFAULT CHARACTER SET `utf8mb4`[0m
  [1m[35m (0.4ms)[0m  [1m[35mCREATE DATABASE `staffomatic_user_management_test` DEFAULT CHARACTER SET `utf8mb4`[0m
  [1m[35m (0.3ms)[0m  [1m[34mSELECT @@innodb_file_per_table = 1 AND @@innodb_file_format = 'Barracuda'[0m
  [1m[35m (0.3ms)[0m  [1m[35mDROP TABLE IF EXISTS `users` CASCADE[0m
  [1m[35m (128.8ms)[0m  [1m[35mCREATE TABLE `users` (`id` bigint NOT NULL AUTO_INCREMENT PRIMARY KEY, `email` varchar(255), `password_digest` varchar(255), `created_at` datetime(6) NOT NULL, `updated_at` datetime(6) NOT NULL) DEFAULT CHARSET=utf8mb4[0m
  [1m[35m (142.6ms)[0m  [1m[35mCREATE TABLE `schema_migrations` (`version` varchar(255) COLLATE utf8_general_ci NOT NULL PRIMARY KEY)[0m
  [1m[35m (0.4ms)[0m  [1m[34mSELECT `schema_migrations`.`version` FROM `schema_migrations` ORDER BY `schema_migrations`.`version` ASC[0m
  [1m[35m (14.3ms)[0m  [1m[32mINSERT INTO `schema_migrations` (version) VALUES (20210204084842)[0m
  [1m[35m (150.6ms)[0m  [1m[35mCREATE TABLE `ar_internal_metadata` (`key` varchar(255) COLLATE utf8_general_ci NOT NULL PRIMARY KEY, `value` varchar(255), `created_at` datetime(6) NOT NULL, `updated_at` datetime(6) NOT NULL)[0m
  [1m[36mActiveRecord::InternalMetadata Load (0.6ms)[0m  [1m[34mSELECT `ar_internal_metadata`.* FROM `ar_internal_metadata` WHERE `ar_internal_metadata`.`key` = 'environment' LIMIT 1[0m
  [1m[36mTRANSACTION (0.3ms)[0m  [1m[35mBEGIN[0m
  [1m[36mActiveRecord::InternalMetadata Create (0.4ms)[0m  [1m[32mINSERT INTO `ar_internal_metadata` (`key`, `value`, `created_at`, `updated_at`) VALUES ('environment', 'development', '2021-08-06 07:56:26.496299', '2021-08-06 07:56:26.496299')[0m
  [1m[36mTRANSACTION (25.1ms)[0m  [1m[35mCOMMIT[0m
  [1m[36mActiveRecord::InternalMetadata Load (0.4ms)[0m  [1m[34mSELECT `ar_internal_metadata`.* FROM `ar_internal_metadata` WHERE `ar_internal_metadata`.`key` = 'environment' LIMIT 1[0m
  [1m[36mActiveRecord::InternalMetadata Load (0.4ms)[0m  [1m[34mSELECT `ar_internal_metadata`.* FROM `ar_internal_metadata` WHERE `ar_internal_metadata`.`key` = 'schema_sha1' LIMIT 1[0m
  [1m[36mTRANSACTION (0.3ms)[0m  [1m[35mBEGIN[0m
  [1m[36mActiveRecord::InternalMetadata Create (0.5ms)[0m  [1m[32mINSERT INTO `ar_internal_metadata` (`key`, `value`, `created_at`, `updated_at`) VALUES ('schema_sha1', '71fed4c965012ac97268cfb62e1992cf4ba80024', '2021-08-06 07:56:26.533779', '2021-08-06 07:56:26.533779')[0m
  [1m[36mTRANSACTION (33.1ms)[0m  [1m[35mCOMMIT[0m
Started GET "/" for 172.18.0.1 at 2021-08-06 07:57:44 +0000
  [1m[35m (0.5ms)[0m  [1m[34mSELECT `schema_migrations`.`version` FROM `schema_migrations` ORDER BY `schema_migrations`.`version` ASC[0m
Processing by Rails::WelcomeController#index as HTML
  Rendering /usr/local/bundle/gems/railties-6.1.4/lib/rails/templates/rails/welcome/index.html.erb
  Rendered /usr/local/bundle/gems/railties-6.1.4/lib/rails/templates/rails/welcome/index.html.erb (Duration: 14.9ms | Allocations: 190)
Completed 200 OK in 38ms (Views: 17.4ms | ActiveRecord: 0.0ms | Allocations: 2283)


Started GET "/favicon.ico" for 172.18.0.1 at 2021-08-06 07:57:46 +0000
  
ActionController::RoutingError (No route matches [GET] "/favicon.ico"):
  
Started GET "/" for 172.18.0.1 at 2021-08-06 11:22:58 +0000
  [1m[35m (2.2ms)[0m  [1m[34mSELECT `schema_migrations`.`version` FROM `schema_migrations` ORDER BY `schema_migrations`.`version` ASC[0m
Processing by Rails::WelcomeController#index as HTML
  Rendering /usr/local/bundle/gems/railties-6.1.4/lib/rails/templates/rails/welcome/index.html.erb
  Rendered /usr/local/bundle/gems/railties-6.1.4/lib/rails/templates/rails/welcome/index.html.erb (Duration: 13.9ms | Allocations: 308)
Completed 200 OK in 42ms (Views: 19.0ms | ActiveRecord: 0.0ms | Allocations: 2501)


Started POST "/signup" for 172.18.0.1 at 2021-08-06 11:32:41 +0000
Processing by SignupsController#create as */*
  Parameters: {"data"=>{"attributes"=>{"email"=>"admin@easypep.de", "password"=>"[FILTERED]", "password_confirmation"=>"[FILTERED]"}}, "signup"=>{"data"=>{"attributes"=>{"email"=>"admin@easypep.de", "password"=>"[FILTERED]", "password_confirmation"=>"[FILTERED]"}}}}
  [1m[36mTRANSACTION (0.2ms)[0m  [1m[35mBEGIN[0m
  ↳ app/controllers/signups_controller.rb:8:in `create'
  [1m[36mUser Exists? (3.3ms)[0m  [1m[34mSELECT 1 AS one FROM `users` WHERE `users`.`email` = 'admin@easypep.de' LIMIT 1[0m
  ↳ app/controllers/signups_controller.rb:8:in `create'
  [1m[36mUser Create (1.3ms)[0m  [1m[32mINSERT INTO `users` (`email`, `password_digest`, `created_at`, `updated_at`) VALUES ('admin@easypep.de', '$2a$12$unoTyixIZXhyQq0pJqCQmu4KMkIaDA87LFHKmDYjDnuRPkJ6tzYaC', '2021-08-06 11:32:41.360797', '2021-08-06 11:32:41.360797')[0m
  ↳ app/controllers/signups_controller.rb:8:in `create'
  [1m[36mTRANSACTION (6.9ms)[0m  [1m[35mCOMMIT[0m
  ↳ app/controllers/signups_controller.rb:8:in `create'
Completed 201 Created in 314ms (Views: 2.2ms | ActiveRecord: 25.5ms | Allocations: 7920)


Started POST "/authentications" for 172.18.0.1 at 2021-08-06 11:32:57 +0000
Processing by AuthenticationsController#create as */*
  Parameters: {"authentication"=>{"email"=>"admin@easypep.de", "password"=>"[FILTERED]"}}
  [1m[36mUser Load (0.9ms)[0m  [1m[34mSELECT `users`.* FROM `users` WHERE `users`.`email` = 'admin@easypep.de' LIMIT 1[0m
  ↳ app/controllers/authentications_controller.rb:5:in `create'
Completed 201 Created in 258ms (Views: 0.2ms | ActiveRecord: 0.9ms | Allocations: 1091)


Started GET "/users" for 172.18.0.1 at 2021-08-06 11:33:16 +0000
Processing by UsersController#index as */*
  Parameters: {"user"=>{}}
  [1m[36mUser Load (0.7ms)[0m  [1m[34mSELECT `users`.* FROM `users` WHERE `users`.`id` IS NULL LIMIT 1[0m
  ↳ app/controllers/application_controller.rb:8:in `current_user'
Filter chain halted as :authorize! rendered or redirected
Completed 401 Unauthorized in 3ms (Views: 0.2ms | ActiveRecord: 0.7ms | Allocations: 794)


